INFO 2025-07-16 10:41:45,511 views 43460 11732 Connexion réussie pour elvislex@live.fr (tenant: f0e6399b-fc83-4ea9-87b5-5d0b6c1e5d2b)
INFO 2025-07-16 11:45:01,679 views 43460 33516 Token rafraîchi pour: elvislex@live.fr
INFO 2025-07-16 11:45:02,148 views 43460 46176 Token rafraîchi pour: elvislex@live.fr
INFO 2025-07-16 11:51:18,356 views 43460 19580 Connexion réussie pour elvislex@live.fr (tenant: f0e6399b-fc83-4ea9-87b5-5d0b6c1e5d2b)
INFO 2025-07-16 13:06:48,632 views 43460 45336 Token rafraîchi pour: elvislex@live.fr
INFO 2025-07-16 13:06:49,062 views 43460 40080 Token rafraîchi pour: elvislex@live.fr
INFO 2025-07-16 13:07:06,671 views 43460 42164 Connexion réussie pour elvislex@live.fr (tenant: f0e6399b-fc83-4ea9-87b5-5d0b6c1e5d2b)
INFO 2025-07-16 14:08:00,436 views 24236 4232 Token rafraîchi pour: elvislex@live.fr
INFO 2025-07-16 14:08:00,894 views 24236 35880 Token rafraîchi pour: elvislex@live.fr
INFO 2025-07-16 14:08:15,768 views 24236 41652 Connexion réussie pour elvislex@live.fr (tenant: f0e6399b-fc83-4ea9-87b5-5d0b6c1e5d2b)
INFO 2025-07-16 15:12:03,939 views 24236 40324 Token rafraîchi pour: elvislex@live.fr
INFO 2025-07-16 15:12:04,317 views 24236 44412 Token rafraîchi pour: elvislex@live.fr
INFO 2025-07-16 20:24:42,627 views 24236 45484 Token rafraîchi pour: elvislex@live.fr
INFO 2025-07-16 20:24:42,955 views 24236 39340 Token rafraîchi pour: elvislex@live.fr
INFO 2025-07-18 10:31:22,649 views 17556 23216 Connexion réussie pour elvislex@live.fr (tenant: f0e6399b-fc83-4ea9-87b5-5d0b6c1e5d2b)
INFO 2025-07-18 11:55:35,011 views 17556 24524 Token rafraîchi pour: elvislex@live.fr
INFO 2025-07-18 11:55:35,357 views 17556 25276 Token rafraîchi pour: elvislex@live.fr
INFO 2025-07-18 12:55:49,659 views 17556 24364 Token rafraîchi pour: elvislex@live.fr
INFO 2025-07-18 12:55:50,106 views 17556 38212 Token rafraîchi pour: elvislex@live.fr
INFO 2025-07-18 18:13:55,910 views 17756 44516 Token rafraîchi pour: oliviermoon@kewa.ma
INFO 2025-07-18 18:13:56,150 views 17756 47012 Token rafraîchi pour: oliviermoon@kewa.ma
INFO 2025-07-18 22:11:57,733 views 17756 16708 Token rafraîchi pour: oliviermoon@kewa.ma
INFO 2025-07-18 22:11:57,984 views 17756 31532 Token rafraîchi pour: oliviermoon@kewa.ma
INFO 2025-07-18 23:36:15,235 views 47168 4432 Token rafraîchi pour: oliviermoon@kewa.ma
INFO 2025-07-18 23:36:15,546 views 47168 45020 Token rafraîchi pour: oliviermoon@kewa.ma
INFO 2025-07-19 11:48:58,905 views 10904 29404 Token rafraîchi pour: oliviermoon@kewa.ma
INFO 2025-07-19 11:48:59,355 views 10904 10352 Token rafraîchi pour: oliviermoon@kewa.ma
INFO 2025-07-19 13:39:33,130 views 10904 46504 Token rafraîchi pour: oliviermoon@kewa.ma
INFO 2025-07-19 13:39:33,480 views 10904 38028 Token rafraîchi pour: oliviermoon@kewa.ma
INFO 2025-07-19 13:46:02,150 views 10904 38784 Connexion réussie pour oliviermoon@kewa.ma (tenant: 764a20d3-3937-4436-93ac-4eb06f9e0a4e)
INFO 2025-07-19 14:04:27,597 views 10904 36568 Connexion réussie pour test@example.com (tenant: e6b740c5-dba2-4343-a381-8fc56c56c9ed)
INFO 2025-07-19 14:04:37,271 views 10904 24436 Connexion réussie pour test@example.com (tenant: e6b740c5-dba2-4343-a381-8fc56c56c9ed)
INFO 2025-07-19 14:05:17,910 views 10904 9428 Connexion réussie pour test@example.com (tenant: e6b740c5-dba2-4343-a381-8fc56c56c9ed)
INFO 2025-07-19 14:14:53,883 views 10904 27248 Connexion réussie pour test@example.com (tenant: e6b740c5-dba2-4343-a381-8fc56c56c9ed)
INFO 2025-07-19 14:27:21,060 views 10904 7208 Connexion réussie pour test@example.com (tenant: e6b740c5-dba2-4343-a381-8fc56c56c9ed)
INFO 2025-07-19 14:41:27,881 views 10904 42104 Connexion réussie pour test@example.com (tenant: e6b740c5-dba2-4343-a381-8fc56c56c9ed)
INFO 2025-07-19 14:44:52,976 views 10904 4248 Connexion réussie pour test@example.com (tenant: e6b740c5-dba2-4343-a381-8fc56c56c9ed)
INFO 2025-07-19 14:45:42,225 views 10904 28196 Connexion réussie pour oliviermoon@kewa.ma (tenant: 764a20d3-3937-4436-93ac-4eb06f9e0a4e)
INFO 2025-07-19 15:15:57,557 views 10904 21088 Connexion réussie pour oliviermoon@kewa.ma (tenant: 764a20d3-3937-4436-93ac-4eb06f9e0a4e)
INFO 2025-07-19 18:27:58,976 views 10904 41180 Connexion réussie pour oliviermoon@kewa.ma (tenant: 764a20d3-3937-4436-93ac-4eb06f9e0a4e)
INFO 2025-07-19 19:28:40,703 views 10904 30760 Token rafraîchi pour: oliviermoon@kewa.ma
INFO 2025-07-19 19:28:41,168 views 10904 38932 Token rafraîchi pour: oliviermoon@kewa.ma
INFO 2025-07-19 20:28:44,715 views 10904 21884 Token rafraîchi pour: oliviermoon@kewa.ma
INFO 2025-07-19 20:30:46,557 views 10904 9356 Connexion réussie pour oliviermoon@kewa.ma (tenant: 764a20d3-3937-4436-93ac-4eb06f9e0a4e)
INFO 2025-07-20 10:49:34,362 views 10904 12824 Token rafraîchi pour: oliviermoon@kewa.ma
INFO 2025-07-20 10:49:34,394 views 10904 21408 Token rafraîchi pour: oliviermoon@kewa.ma
INFO 2025-07-20 10:50:21,463 views 10904 19888 Connexion réussie pour oliviermoon@kewa.ma (tenant: 764a20d3-3937-4436-93ac-4eb06f9e0a4e)
INFO 2025-07-20 15:51:44,639 views 10904 46944 Connexion réussie pour oliviermoon@kewa.ma (tenant: 764a20d3-3937-4436-93ac-4eb06f9e0a4e)
INFO 2025-07-20 18:11:25,664 views 10904 13460 Token rafraîchi pour: oliviermoon@kewa.ma
INFO 2025-07-20 18:11:25,764 views 10904 12180 Token rafraîchi pour: oliviermoon@kewa.ma
INFO 2025-07-20 18:17:17,495 views 10904 1592 Connexion réussie pour elvislex@live.fr (tenant: f0e6399b-fc83-4ea9-87b5-5d0b6c1e5d2b)
INFO 2025-07-21 10:27:34,456 views 10904 40192 Token rafraîchi pour: elvislex@live.fr
INFO 2025-07-21 10:27:35,117 views 10904 26112 Token rafraîchi pour: elvislex@live.fr
INFO 2025-07-21 10:27:54,279 views 10904 24352 Connexion réussie pour elvislex@live.fr (tenant: f0e6399b-fc83-4ea9-87b5-5d0b6c1e5d2b)
INFO 2025-07-21 10:32:43,155 views 10904 33040 Token rafraîchi pour: elvislex@live.fr
INFO 2025-07-21 10:32:44,015 views 10904 12980 Token rafraîchi pour: elvislex@live.fr
INFO 2025-07-21 10:32:44,903 views 10904 46708 Token rafraîchi pour: elvislex@live.fr
INFO 2025-07-21 10:32:45,809 views 10904 13772 Token rafraîchi pour: elvislex@live.fr
INFO 2025-07-21 10:40:03,056 views 10904 50124 Connexion réussie pour elvislex@live.fr (tenant: f0e6399b-fc83-4ea9-87b5-5d0b6c1e5d2b)
INFO 2025-07-21 10:40:11,630 views 10904 45200 Token rafraîchi pour: elvislex@live.fr
INFO 2025-07-21 10:40:11,943 views 10904 20792 Token rafraîchi pour: elvislex@live.fr
INFO 2025-07-21 11:56:30,476 views 10904 44964 Connexion réussie pour elvislex@live.fr (tenant: f0e6399b-fc83-4ea9-87b5-5d0b6c1e5d2b)
INFO 2025-07-21 16:32:30,207 views 10904 42860 Connexion réussie pour elvislex@live.fr (tenant: f0e6399b-fc83-4ea9-87b5-5d0b6c1e5d2b)
INFO 2025-07-21 16:34:29,723 views 10904 39764 Token rafraîchi pour: elvislex@live.fr
INFO 2025-07-21 16:34:30,034 views 10904 24800 Token rafraîchi pour: elvislex@live.fr
INFO 2025-07-21 16:34:40,549 views 10904 15916 Connexion réussie pour elvislex@live.fr (tenant: f0e6399b-fc83-4ea9-87b5-5d0b6c1e5d2b)
INFO 2025-07-21 16:34:54,490 views 10904 13512 Token rafraîchi pour: elvislex@live.fr
INFO 2025-07-21 16:34:54,804 views 10904 40832 Token rafraîchi pour: elvislex@live.fr
INFO 2025-07-21 16:35:04,643 views 10904 21808 Connexion réussie pour elvislex@live.fr (tenant: f0e6399b-fc83-4ea9-87b5-5d0b6c1e5d2b)
INFO 2025-07-21 16:35:13,458 views 10904 40648 Token rafraîchi pour: elvislex@live.fr
INFO 2025-07-21 16:35:13,921 views 10904 46048 Token rafraîchi pour: elvislex@live.fr
INFO 2025-07-21 16:38:35,498 views 10904 49140 Connexion réussie pour elvislex@live.fr (tenant: f0e6399b-fc83-4ea9-87b5-5d0b6c1e5d2b)
INFO 2025-07-21 16:39:00,734 views 10904 39340 Token rafraîchi pour: elvislex@live.fr
INFO 2025-07-21 16:39:01,107 views 10904 13820 Token rafraîchi pour: elvislex@live.fr
INFO 2025-07-21 16:39:33,200 views 10904 28700 Connexion réussie pour oliviermoon@kewa.ma (tenant: 764a20d3-3937-4436-93ac-4eb06f9e0a4e)
INFO 2025-07-21 16:40:24,200 views 10904 30632 Token rafraîchi pour: oliviermoon@kewa.ma
INFO 2025-07-21 16:40:24,525 views 10904 28168 Token rafraîchi pour: oliviermoon@kewa.ma
INFO 2025-07-21 16:42:50,122 views 10904 51052 Connexion réussie pour oliviermoon@kewa.ma (tenant: 764a20d3-3937-4436-93ac-4eb06f9e0a4e)
INFO 2025-07-21 16:49:50,282 views 10904 16980 Connexion réussie pour oliviermoon@kewa.ma (tenant: 764a20d3-3937-4436-93ac-4eb06f9e0a4e)
INFO 2025-07-21 18:26:49,063 views 10904 44100 Token rafraîchi pour: oliviermoon@kewa.ma
INFO 2025-07-21 18:26:49,368 views 10904 31548 Token rafraîchi pour: oliviermoon@kewa.ma
INFO 2025-07-21 18:32:14,531 views 10904 28848 Connexion réussie pour oliviermoon@kewa.ma (tenant: 764a20d3-3937-4436-93ac-4eb06f9e0a4e)
INFO 2025-07-21 20:07:24,849 views 10904 46536 Token rafraîchi pour: oliviermoon@kewa.ma
INFO 2025-07-21 20:07:25,168 views 10904 13812 Token rafraîchi pour: oliviermoon@kewa.ma
INFO 2025-07-21 20:35:46,872 views 10904 17228 Connexion réussie pour elvislex@live.fr (tenant: f0e6399b-fc83-4ea9-87b5-5d0b6c1e5d2b)
INFO 2025-07-22 10:56:07,414 views 10904 36272 Connexion réussie pour elvislex@live.fr (tenant: f0e6399b-fc83-4ea9-87b5-5d0b6c1e5d2b)
WARNING 2025-07-22 10:56:21,999 utils 10904 35920 Tenant f0e6399b-fc83-4ea9-87b5-5d0b6c1e5d2b non trouvé (status: 500)
WARNING 2025-07-22 10:56:22,000 views 10904 35920 Impossible de récupérer les infos du tenant f0e6399b-fc83-4ea9-87b5-5d0b6c1e5d2b pour l'utilisateur elvislex@live.fr
WARNING 2025-07-22 10:56:25,167 utils 10904 24760 Tenant f0e6399b-fc83-4ea9-87b5-5d0b6c1e5d2b non trouvé (status: 500)
WARNING 2025-07-22 10:56:25,167 views 10904 24760 Impossible de récupérer les infos du tenant f0e6399b-fc83-4ea9-87b5-5d0b6c1e5d2b pour l'utilisateur elvislex@live.fr
ERROR 2025-07-22 11:04:15,523 utils 10904 18892 Erreur lors de la récupération du tenant f0e6399b-fc83-4ea9-87b5-5d0b6c1e5d2b: HTTPConnectionPool(host='localhost', port=8001): Max retries exceeded with url: /api/tenants/f0e6399b-fc83-4ea9-87b5-5d0b6c1e5d2b/ (Caused by NewConnectionError('<urllib3.connection.HTTPConnection object at 0x000001D51C95BF00>: Failed to establish a new connection: [WinError 10061] Aucune connexion n’a pu être établie car l’ordinateur cible l’a expressément refusée'))
WARNING 2025-07-22 11:04:15,525 views 10904 18892 Impossible de récupérer les infos du tenant f0e6399b-fc83-4ea9-87b5-5d0b6c1e5d2b pour l'utilisateur elvislex@live.fr
ERROR 2025-07-22 11:04:20,596 utils 10904 14584 Erreur lors de la récupération du tenant f0e6399b-fc83-4ea9-87b5-5d0b6c1e5d2b: HTTPConnectionPool(host='localhost', port=8001): Max retries exceeded with url: /api/tenants/f0e6399b-fc83-4ea9-87b5-5d0b6c1e5d2b/ (Caused by NewConnectionError('<urllib3.connection.HTTPConnection object at 0x000001D51C959590>: Failed to establish a new connection: [WinError 10061] Aucune connexion n’a pu être établie car l’ordinateur cible l’a expressément refusée'))
WARNING 2025-07-22 11:04:20,596 views 10904 14584 Impossible de récupérer les infos du tenant f0e6399b-fc83-4ea9-87b5-5d0b6c1e5d2b pour l'utilisateur elvislex@live.fr
INFO 2025-07-22 12:22:23,654 views 50340 18380 Token rafraîchi pour: elvislex@live.fr
INFO 2025-07-22 12:22:23,773 views 50340 39060 Token rafraîchi pour: elvislex@live.fr
INFO 2025-07-22 12:22:45,845 views 50340 35780 Connexion réussie pour elvislex@live.fr (tenant: 31f96c39-bd7f-453e-a7f1-88495e70272b)
INFO 2025-07-22 13:18:39,571 views 50340 34784 Connexion réussie pour elvislex@live.fr (tenant: 31f96c39-bd7f-453e-a7f1-88495e70272b)
INFO 2025-07-22 14:25:27,979 views 50340 17372 Connexion réussie pour oliviermoon@kewa.ma (tenant: 8dd6f442-cd07-4993-8930-10abb2b23e7d)
INFO 2025-07-22 14:25:33,358 views 50340 34480 Connexion réussie pour elvislex@live.fr (tenant: 31f96c39-bd7f-453e-a7f1-88495e70272b)
INFO 2025-07-22 14:28:03,737 views 50340 27744 Connexion réussie pour oliviermoon@kewa.ma (tenant: 8dd6f442-cd07-4993-8930-10abb2b23e7d)
INFO 2025-07-22 15:29:09,332 views 50340 18724 Token rafraîchi pour: oliviermoon@kewa.ma
INFO 2025-07-22 15:29:09,344 views 50340 27848 Token rafraîchi pour: oliviermoon@kewa.ma
INFO 2025-07-22 16:16:06,704 views 50340 1988 Connexion réussie pour elvislex@live.fr (tenant: 31f96c39-bd7f-453e-a7f1-88495e70272b)
INFO 2025-07-22 16:30:57,076 views 50340 17776 Token rafraîchi pour: oliviermoon@kewa.ma
INFO 2025-07-22 16:30:57,477 views 50340 19860 Token rafraîchi pour: oliviermoon@kewa.ma
INFO 2025-07-22 20:34:43,472 views 50340 46684 Token rafraîchi pour: oliviermoon@kewa.ma
INFO 2025-07-22 20:34:43,549 views 50340 40272 Token rafraîchi pour: oliviermoon@kewa.ma
INFO 2025-07-22 21:35:53,037 views 50340 30900 Token rafraîchi pour: oliviermoon@kewa.ma
INFO 2025-07-22 21:35:53,362 views 50340 24796 Token rafraîchi pour: oliviermoon@kewa.ma
INFO 2025-07-22 22:00:51,593 views 50340 43252 Connexion réussie pour oliviermoon@kewa.ma (tenant: 8dd6f442-cd07-4993-8930-10abb2b23e7d)
INFO 2025-07-23 09:22:53,978 views 16208 23852 Token rafraîchi pour: oliviermoon@kewa.ma
INFO 2025-07-23 09:22:54,182 views 16208 23920 Token rafraîchi pour: oliviermoon@kewa.ma
INFO 2025-07-23 09:22:55,200 views 16208 24308 Token rafraîchi pour: oliviermoon@kewa.ma
INFO 2025-07-23 09:22:56,352 views 16208 24328 Token rafraîchi pour: oliviermoon@kewa.ma
INFO 2025-07-23 12:18:08,930 views 16208 26428 Token rafraîchi pour: aronnwinner@beenaya.com
INFO 2025-07-23 12:18:08,931 views 16208 25180 Token rafraîchi pour: aronnwinner@beenaya.com
INFO 2025-07-23 12:18:26,385 views 16208 13172 Connexion réussie pour aronnwinner@beenaya.com (tenant: e98f6cb6-1305-490a-9c41-2fab84f1bb80)
INFO 2025-07-23 13:18:35,197 views 16208 29268 Token rafraîchi pour: aronnwinner@beenaya.com
INFO 2025-07-23 13:18:35,199 views 16208 16412 Token rafraîchi pour: aronnwinner@beenaya.com
INFO 2025-07-23 18:04:21,184 views 16208 16772 Token rafraîchi pour: aronnwinner@beenaya.com
INFO 2025-07-23 18:04:21,185 views 16208 24500 Token rafraîchi pour: aronnwinner@beenaya.com
INFO 2025-07-23 18:04:21,186 views 16208 7016 Token rafraîchi pour: aronnwinner@beenaya.com
INFO 2025-07-23 18:04:21,864 views 16208 29044 Token rafraîchi pour: aronnwinner@beenaya.com
INFO 2025-07-23 21:06:58,143 views 16208 22688 Token rafraîchi pour: aronnwinner@beenaya.com
INFO 2025-07-23 21:06:58,146 views 16208 27208 Token rafraîchi pour: aronnwinner@beenaya.com
INFO 2025-07-24 08:30:40,080 views 16208 28400 Token rafraîchi pour: aronnwinner@beenaya.com
INFO 2025-07-24 08:30:40,081 views 16208 32820 Token rafraîchi pour: aronnwinner@beenaya.com
INFO 2025-07-24 08:31:54,718 views 16208 22360 Connexion réussie pour aronnwinner@beenaya.com (tenant: e98f6cb6-1305-490a-9c41-2fab84f1bb80)
INFO 2025-07-24 09:39:27,796 views 16208 34284 Token rafraîchi pour: aronnwinner@beenaya.com
INFO 2025-07-24 09:39:27,797 views 16208 30208 Token rafraîchi pour: aronnwinner@beenaya.com
INFO 2025-07-24 09:39:28,442 views 16208 26568 Token rafraîchi pour: aronnwinner@beenaya.com
INFO 2025-07-24 09:39:28,451 views 16208 33648 Token rafraîchi pour: aronnwinner@beenaya.com
WARNING 2025-07-24 09:39:31,580 utils 16208 24696 Tenant e98f6cb6-1305-490a-9c41-2fab84f1bb80 non trouvé (status: 500)
WARNING 2025-07-24 09:39:31,580 views 16208 24696 Impossible de récupérer les infos du tenant e98f6cb6-1305-490a-9c41-2fab84f1bb80 pour l'utilisateur aronnwinner@beenaya.com
WARNING 2025-07-24 09:39:31,582 utils 16208 19728 Tenant e98f6cb6-1305-490a-9c41-2fab84f1bb80 non trouvé (status: 500)
WARNING 2025-07-24 09:39:31,582 views 16208 19728 Impossible de récupérer les infos du tenant e98f6cb6-1305-490a-9c41-2fab84f1bb80 pour l'utilisateur aronnwinner@beenaya.com
WARNING 2025-07-24 09:39:31,589 utils 16208 31220 Tenant e98f6cb6-1305-490a-9c41-2fab84f1bb80 non trouvé (status: 500)
WARNING 2025-07-24 09:39:31,589 views 16208 31220 Impossible de récupérer les infos du tenant e98f6cb6-1305-490a-9c41-2fab84f1bb80 pour l'utilisateur aronnwinner@beenaya.com
WARNING 2025-07-24 09:39:31,592 utils 16208 17844 Tenant e98f6cb6-1305-490a-9c41-2fab84f1bb80 non trouvé (status: 500)
WARNING 2025-07-24 09:39:31,593 views 16208 17844 Impossible de récupérer les infos du tenant e98f6cb6-1305-490a-9c41-2fab84f1bb80 pour l'utilisateur aronnwinner@beenaya.com
WARNING 2025-07-24 09:40:04,958 utils 16208 9012 Tenant e98f6cb6-1305-490a-9c41-2fab84f1bb80 non trouvé (status: 500)
WARNING 2025-07-24 09:40:04,958 views 16208 9012 Impossible de récupérer les infos du tenant e98f6cb6-1305-490a-9c41-2fab84f1bb80 pour l'utilisateur aronnwinner@beenaya.com
WARNING 2025-07-24 09:40:05,044 utils 16208 2700 Tenant e98f6cb6-1305-490a-9c41-2fab84f1bb80 non trouvé (status: 500)
WARNING 2025-07-24 09:40:05,044 views 16208 2700 Impossible de récupérer les infos du tenant e98f6cb6-1305-490a-9c41-2fab84f1bb80 pour l'utilisateur aronnwinner@beenaya.com
WARNING 2025-07-24 09:40:24,852 utils 16208 10068 Tenant e98f6cb6-1305-490a-9c41-2fab84f1bb80 non trouvé (status: 500)
WARNING 2025-07-24 09:40:24,853 views 16208 10068 Impossible de récupérer les infos du tenant e98f6cb6-1305-490a-9c41-2fab84f1bb80 pour l'utilisateur aronnwinner@beenaya.com
WARNING 2025-07-24 09:40:24,882 utils 16208 26016 Tenant e98f6cb6-1305-490a-9c41-2fab84f1bb80 non trouvé (status: 500)
WARNING 2025-07-24 09:40:24,883 views 16208 26016 Impossible de récupérer les infos du tenant e98f6cb6-1305-490a-9c41-2fab84f1bb80 pour l'utilisateur aronnwinner@beenaya.com
WARNING 2025-07-24 09:40:38,931 utils 16208 2576 Tenant e98f6cb6-1305-490a-9c41-2fab84f1bb80 non trouvé (status: 500)
WARNING 2025-07-24 09:40:38,931 views 16208 2576 Impossible de récupérer les infos du tenant e98f6cb6-1305-490a-9c41-2fab84f1bb80 pour l'utilisateur aronnwinner@beenaya.com
WARNING 2025-07-24 09:40:39,003 utils 16208 7920 Tenant e98f6cb6-1305-490a-9c41-2fab84f1bb80 non trouvé (status: 500)
WARNING 2025-07-24 09:40:39,003 views 16208 7920 Impossible de récupérer les infos du tenant e98f6cb6-1305-490a-9c41-2fab84f1bb80 pour l'utilisateur aronnwinner@beenaya.com
WARNING 2025-07-24 09:45:36,130 utils 16208 26524 Tenant e98f6cb6-1305-490a-9c41-2fab84f1bb80 non trouvé (status: 500)
WARNING 2025-07-24 09:45:36,130 views 16208 26524 Impossible de récupérer les infos du tenant e98f6cb6-1305-490a-9c41-2fab84f1bb80 pour l'utilisateur aronnwinner@beenaya.com
WARNING 2025-07-24 09:45:36,133 utils 16208 27228 Tenant e98f6cb6-1305-490a-9c41-2fab84f1bb80 non trouvé (status: 500)
WARNING 2025-07-24 09:45:36,133 views 16208 27228 Impossible de récupérer les infos du tenant e98f6cb6-1305-490a-9c41-2fab84f1bb80 pour l'utilisateur aronnwinner@beenaya.com
WARNING 2025-07-24 09:49:18,826 utils 16208 33972 Tenant e98f6cb6-1305-490a-9c41-2fab84f1bb80 non trouvé (status: 500)
WARNING 2025-07-24 09:49:18,826 views 16208 33972 Impossible de récupérer les infos du tenant e98f6cb6-1305-490a-9c41-2fab84f1bb80 pour l'utilisateur aronnwinner@beenaya.com
WARNING 2025-07-24 09:49:18,830 utils 16208 4988 Tenant e98f6cb6-1305-490a-9c41-2fab84f1bb80 non trouvé (status: 500)
WARNING 2025-07-24 09:49:18,830 views 16208 4988 Impossible de récupérer les infos du tenant e98f6cb6-1305-490a-9c41-2fab84f1bb80 pour l'utilisateur aronnwinner@beenaya.com
INFO 2025-07-24 10:40:39,492 views 16208 26024 Token rafraîchi pour: aronnwinner@beenaya.com
INFO 2025-07-24 10:40:39,809 views 16208 17916 Token rafraîchi pour: aronnwinner@beenaya.com
INFO 2025-07-24 11:48:52,444 views 16208 31688 Token rafraîchi pour: aronnwinner@beenaya.com
INFO 2025-07-24 11:48:52,446 views 16208 15436 Token rafraîchi pour: aronnwinner@beenaya.com
INFO 2025-07-24 13:04:03,536 views 16208 18112 Token rafraîchi pour: aronnwinner@beenaya.com
INFO 2025-07-24 13:04:03,905 views 16208 32848 Token rafraîchi pour: aronnwinner@beenaya.com
INFO 2025-07-24 14:13:57,770 views 16208 29788 Token rafraîchi pour: aronnwinner@beenaya.com
INFO 2025-07-24 14:13:57,771 views 16208 9608 Token rafraîchi pour: aronnwinner@beenaya.com
INFO 2025-07-24 15:20:08,215 views 16208 27080 Token rafraîchi pour: aronnwinner@beenaya.com
INFO 2025-07-24 15:20:08,606 views 16208 28532 Token rafraîchi pour: aronnwinner@beenaya.com
INFO 2025-07-24 19:11:41,932 views 16208 9796 Token rafraîchi pour: aronnwinner@beenaya.com
INFO 2025-07-24 19:11:42,284 views 16208 32568 Token rafraîchi pour: aronnwinner@beenaya.com
WARNING 2025-07-24 19:11:45,168 utils 16208 31952 Tenant e98f6cb6-1305-490a-9c41-2fab84f1bb80 non trouvé (status: 500)
WARNING 2025-07-24 19:11:45,169 views 16208 31952 Impossible de récupérer les infos du tenant e98f6cb6-1305-490a-9c41-2fab84f1bb80 pour l'utilisateur aronnwinner@beenaya.com
WARNING 2025-07-24 19:11:45,396 utils 16208 30748 Tenant e98f6cb6-1305-490a-9c41-2fab84f1bb80 non trouvé (status: 500)
WARNING 2025-07-24 19:11:45,397 views 16208 30748 Impossible de récupérer les infos du tenant e98f6cb6-1305-490a-9c41-2fab84f1bb80 pour l'utilisateur aronnwinner@beenaya.com
WARNING 2025-07-24 19:11:48,704 utils 16208 33796 Tenant e98f6cb6-1305-490a-9c41-2fab84f1bb80 non trouvé (status: 500)
WARNING 2025-07-24 19:11:48,704 views 16208 33796 Impossible de récupérer les infos du tenant e98f6cb6-1305-490a-9c41-2fab84f1bb80 pour l'utilisateur aronnwinner@beenaya.com
WARNING 2025-07-24 19:11:48,971 utils 16208 27456 Tenant e98f6cb6-1305-490a-9c41-2fab84f1bb80 non trouvé (status: 500)
WARNING 2025-07-24 19:11:48,971 views 16208 27456 Impossible de récupérer les infos du tenant e98f6cb6-1305-490a-9c41-2fab84f1bb80 pour l'utilisateur aronnwinner@beenaya.com
INFO 2025-07-24 20:25:55,838 views 16208 33956 Token rafraîchi pour: aronnwinner@beenaya.com
INFO 2025-07-24 20:25:56,159 views 16208 14884 Token rafraîchi pour: aronnwinner@beenaya.com
INFO 2025-07-24 22:29:09,329 views 16208 20840 Token rafraîchi pour: aronnwinner@beenaya.com
INFO 2025-07-24 22:29:09,367 views 16208 14984 Token rafraîchi pour: aronnwinner@beenaya.com
INFO 2025-07-25 09:44:39,413 views 4200 7808 Connexion réussie pour elvislex@live.fr (tenant: 31f96c39-bd7f-453e-a7f1-88495e70272b)
INFO 2025-07-25 10:53:36,150 views 4200 26188 Token rafraîchi pour: elvislex@live.fr
INFO 2025-07-25 10:53:36,151 views 4200 21096 Token rafraîchi pour: elvislex@live.fr
INFO 2025-07-25 12:03:24,181 views 4200 23768 Token rafraîchi pour: elvislex@live.fr
INFO 2025-07-25 12:03:24,182 views 4200 31408 Token rafraîchi pour: elvislex@live.fr
INFO 2025-07-25 14:39:25,121 views 4200 16208 Token rafraîchi pour: elvislex@live.fr
INFO 2025-07-25 14:39:25,122 views 4200 18288 Token rafraîchi pour: elvislex@live.fr
INFO 2025-07-25 16:15:59,021 views 4200 36660 Token rafraîchi pour: elvislex@live.fr
INFO 2025-07-25 16:15:59,340 views 4200 24040 Token rafraîchi pour: elvislex@live.fr
INFO 2025-07-25 21:22:11,548 views 4200 31072 Token rafraîchi pour: elvislex@live.fr
INFO 2025-07-25 21:22:11,549 views 4200 11180 Token rafraîchi pour: elvislex@live.fr
INFO 2025-07-25 22:26:07,621 views 4200 29836 Token rafraîchi pour: elvislex@live.fr
INFO 2025-07-25 22:26:07,925 views 4200 2372 Token rafraîchi pour: elvislex@live.fr
INFO 2025-07-26 09:55:42,775 views 4200 36992 Token rafraîchi pour: elvislex@live.fr
INFO 2025-07-26 09:55:43,085 views 4200 10760 Token rafraîchi pour: elvislex@live.fr
INFO 2025-07-26 11:38:35,675 views 4200 34012 Token rafraîchi pour: elvislex@live.fr
INFO 2025-07-26 11:38:36,025 views 4200 37728 Token rafraîchi pour: elvislex@live.fr
INFO 2025-07-26 13:07:12,121 views 32096 28024 Token rafraîchi pour: elvislex@live.fr
INFO 2025-07-26 13:07:12,377 views 32096 28692 Token rafraîchi pour: elvislex@live.fr
INFO 2025-07-26 16:19:03,755 views 32096 31468 Token rafraîchi pour: elvislex@live.fr
INFO 2025-07-26 16:19:04,019 views 32096 26104 Token rafraîchi pour: elvislex@live.fr
INFO 2025-07-26 17:36:41,335 views 32096 29428 Token rafraîchi pour: elvislex@live.fr
INFO 2025-07-26 17:36:41,643 views 32096 17260 Token rafraîchi pour: elvislex@live.fr
INFO 2025-07-26 19:14:48,114 views 32096 33644 Token rafraîchi pour: elvislex@live.fr
INFO 2025-07-26 19:14:48,116 views 32096 34520 Token rafraîchi pour: elvislex@live.fr
INFO 2025-07-27 10:12:28,240 views 32096 11048 Token rafraîchi pour: elvislex@live.fr
INFO 2025-07-27 10:12:28,543 views 32096 30644 Token rafraîchi pour: elvislex@live.fr
INFO 2025-07-28 00:32:52,210 views 32096 12272 Token rafraîchi pour: elvislex@live.fr
INFO 2025-07-28 00:32:52,308 views 32096 29608 Token rafraîchi pour: elvislex@live.fr
INFO 2025-07-28 09:32:27,154 views 32096 27128 Token rafraîchi pour: elvislex@live.fr
INFO 2025-07-28 09:32:27,259 views 32096 35684 Token rafraîchi pour: elvislex@live.fr
INFO 2025-07-28 09:53:27,960 views 32096 12564 Connexion réussie pour aronnwinner@beenaya.com (tenant: e98f6cb6-1305-490a-9c41-2fab84f1bb80)
INFO 2025-07-28 10:01:23,474 views 32096 37228 Connexion réussie pour oliviermoon@kewa.ma (tenant: 8dd6f442-cd07-4993-8930-10abb2b23e7d)
INFO 2025-07-28 11:34:04,591 views 32096 6304 Connexion réussie pour oliviermoon@kewa.ma (tenant: 8dd6f442-cd07-4993-8930-10abb2b23e7d)
INFO 2025-07-28 12:43:39,321 views 32096 21260 Token rafraîchi pour: oliviermoon@kewa.ma
INFO 2025-07-28 12:43:39,322 views 32096 37432 Token rafraîchi pour: oliviermoon@kewa.ma
INFO 2025-07-28 15:19:49,469 views 32096 38044 Token rafraîchi pour: oliviermoon@kewa.ma
INFO 2025-07-28 15:19:49,852 views 32096 432 Token rafraîchi pour: oliviermoon@kewa.ma
INFO 2025-07-28 16:22:25,419 views 32096 37352 Token rafraîchi pour: oliviermoon@kewa.ma
INFO 2025-07-28 16:22:25,745 views 32096 24772 Token rafraîchi pour: oliviermoon@kewa.ma
INFO 2025-07-29 09:31:45,315 views 32096 40524 Token rafraîchi pour: oliviermoon@kewa.ma
INFO 2025-07-29 09:31:45,620 views 32096 11916 Token rafraîchi pour: oliviermoon@kewa.ma
INFO 2025-07-29 10:46:31,755 views 32096 36160 Token rafraîchi pour: oliviermoon@kewa.ma
INFO 2025-07-29 10:46:31,756 views 32096 39004 Token rafraîchi pour: oliviermoon@kewa.ma
INFO 2025-07-29 12:08:35,402 views 32096 38340 Token rafraîchi pour: oliviermoon@kewa.ma
INFO 2025-07-29 12:08:35,916 views 32096 11060 Token rafraîchi pour: oliviermoon@kewa.ma
INFO 2025-07-29 17:14:33,272 views 8228 24136 Token rafraîchi pour: elvislex@live.fr
INFO 2025-07-29 17:14:33,377 views 8228 37752 Token rafraîchi pour: elvislex@live.fr
INFO 2025-07-29 18:16:25,226 views 8228 32072 Token rafraîchi pour: elvislex@live.fr
INFO 2025-07-29 18:16:25,667 views 8228 34916 Token rafraîchi pour: elvislex@live.fr
INFO 2025-07-30 09:22:33,120 views 8228 39900 Token rafraîchi pour: elvislex@live.fr
INFO 2025-07-30 09:22:33,338 views 8228 42464 Token rafraîchi pour: elvislex@live.fr
INFO 2025-07-30 11:34:21,480 views 9308 8000 Token rafraîchi pour: elvislex@live.fr
INFO 2025-07-30 11:34:21,572 views 9308 36288 Token rafraîchi pour: elvislex@live.fr
INFO 2025-07-30 17:13:40,636 views 9308 42752 Token rafraîchi pour: elvislex@live.fr
INFO 2025-07-30 17:13:40,680 views 9308 32536 Token rafraîchi pour: elvislex@live.fr
INFO 2025-07-30 17:13:42,664 views 9308 31356 Token rafraîchi pour: elvislex@live.fr
INFO 2025-07-30 17:13:42,935 views 9308 23680 Token rafraîchi pour: elvislex@live.fr
INFO 2025-07-30 19:16:54,499 views 9308 35396 Token rafraîchi pour: elvislex@live.fr
INFO 2025-07-30 19:16:54,546 views 9308 38104 Token rafraîchi pour: elvislex@live.fr
INFO 2025-07-31 09:01:10,160 views 9308 41860 Token rafraîchi pour: elvislex@live.fr
INFO 2025-07-31 09:01:10,520 views 9308 38804 Token rafraîchi pour: elvislex@live.fr
INFO 2025-07-31 10:56:52,578 views 9308 11620 Token rafraîchi pour: elvislex@live.fr
INFO 2025-07-31 10:56:52,693 views 9308 41232 Token rafraîchi pour: elvislex@live.fr
INFO 2025-07-31 14:49:21,581 views 9308 48744 Token rafraîchi pour: elvislex@live.fr
INFO 2025-07-31 14:49:21,679 views 9308 26292 Token rafraîchi pour: elvislex@live.fr
ERROR 2025-07-31 15:11:55,724 utils 27144 38460 Erreur lors de la récupération du tenant cf22f06c-4134-4bf0-9fbd-8a00c04a6c8f: HTTPConnectionPool(host='localhost', port=8001): Read timed out. (read timeout=5)
WARNING 2025-07-31 15:11:55,759 views 27144 38460 Impossible de récupérer les infos du tenant cf22f06c-4134-4bf0-9fbd-8a00c04a6c8f pour l'utilisateur elvislex@live.fr
ERROR 2025-07-31 15:12:03,836 utils 27144 49048 Erreur lors de la récupération du tenant cf22f06c-4134-4bf0-9fbd-8a00c04a6c8f: HTTPConnectionPool(host='localhost', port=8001): Read timed out. (read timeout=5)
WARNING 2025-07-31 15:12:03,836 views 27144 49048 Impossible de récupérer les infos du tenant cf22f06c-4134-4bf0-9fbd-8a00c04a6c8f pour l'utilisateur elvislex@live.fr
ERROR 2025-07-31 15:14:21,937 utils 27144 26236 Erreur lors de la récupération du tenant cf22f06c-4134-4bf0-9fbd-8a00c04a6c8f: HTTPConnectionPool(host='localhost', port=8001): Read timed out. (read timeout=5)
WARNING 2025-07-31 15:14:21,937 views 27144 26236 Impossible de récupérer les infos du tenant cf22f06c-4134-4bf0-9fbd-8a00c04a6c8f pour l'utilisateur elvislex@live.fr
ERROR 2025-07-31 15:14:30,053 utils 27144 33500 Erreur lors de la récupération du tenant cf22f06c-4134-4bf0-9fbd-8a00c04a6c8f: HTTPConnectionPool(host='localhost', port=8001): Read timed out. (read timeout=5)
WARNING 2025-07-31 15:14:30,054 views 27144 33500 Impossible de récupérer les infos du tenant cf22f06c-4134-4bf0-9fbd-8a00c04a6c8f pour l'utilisateur elvislex@live.fr
ERROR 2025-07-31 15:19:12,431 utils 27144 43660 Erreur lors de la récupération du tenant cf22f06c-4134-4bf0-9fbd-8a00c04a6c8f: HTTPConnectionPool(host='localhost', port=8001): Read timed out. (read timeout=5)
WARNING 2025-07-31 15:19:12,432 views 27144 43660 Impossible de récupérer les infos du tenant cf22f06c-4134-4bf0-9fbd-8a00c04a6c8f pour l'utilisateur elvislex@live.fr
ERROR 2025-07-31 15:20:24,359 utils 27144 16876 Erreur lors de la récupération du tenant cf22f06c-4134-4bf0-9fbd-8a00c04a6c8f: HTTPConnectionPool(host='localhost', port=8001): Read timed out. (read timeout=5)
WARNING 2025-07-31 15:20:24,360 views 27144 16876 Impossible de récupérer les infos du tenant cf22f06c-4134-4bf0-9fbd-8a00c04a6c8f pour l'utilisateur elvislex@live.fr
ERROR 2025-07-31 15:20:32,610 utils 27144 6952 Erreur lors de la récupération du tenant cf22f06c-4134-4bf0-9fbd-8a00c04a6c8f: HTTPConnectionPool(host='localhost', port=8001): Read timed out. (read timeout=5)
WARNING 2025-07-31 15:20:32,610 views 27144 6952 Impossible de récupérer les infos du tenant cf22f06c-4134-4bf0-9fbd-8a00c04a6c8f pour l'utilisateur elvislex@live.fr
ERROR 2025-07-31 15:25:10,993 utils 27144 48080 Erreur lors de la récupération du tenant cf22f06c-4134-4bf0-9fbd-8a00c04a6c8f: HTTPConnectionPool(host='localhost', port=8001): Read timed out. (read timeout=5)
WARNING 2025-07-31 15:25:10,994 views 27144 48080 Impossible de récupérer les infos du tenant cf22f06c-4134-4bf0-9fbd-8a00c04a6c8f pour l'utilisateur elvislex@live.fr
ERROR 2025-07-31 15:25:18,942 utils 27144 44704 Erreur lors de la récupération du tenant cf22f06c-4134-4bf0-9fbd-8a00c04a6c8f: HTTPConnectionPool(host='localhost', port=8001): Read timed out. (read timeout=5)
WARNING 2025-07-31 15:25:18,942 views 27144 44704 Impossible de récupérer les infos du tenant cf22f06c-4134-4bf0-9fbd-8a00c04a6c8f pour l'utilisateur elvislex@live.fr
ERROR 2025-07-31 15:26:06,840 utils 27144 38984 Erreur lors de la récupération du tenant cf22f06c-4134-4bf0-9fbd-8a00c04a6c8f: HTTPConnectionPool(host='localhost', port=8001): Read timed out. (read timeout=5)
WARNING 2025-07-31 15:26:06,840 views 27144 38984 Impossible de récupérer les infos du tenant cf22f06c-4134-4bf0-9fbd-8a00c04a6c8f pour l'utilisateur elvislex@live.fr
ERROR 2025-07-31 15:33:00,421 utils 27144 47548 Erreur lors de la récupération du tenant cf22f06c-4134-4bf0-9fbd-8a00c04a6c8f: HTTPConnectionPool(host='localhost', port=8001): Read timed out. (read timeout=5)
WARNING 2025-07-31 15:33:00,422 views 27144 47548 Impossible de récupérer les infos du tenant cf22f06c-4134-4bf0-9fbd-8a00c04a6c8f pour l'utilisateur elvislex@live.fr
ERROR 2025-07-31 15:33:08,430 utils 27144 31168 Erreur lors de la récupération du tenant cf22f06c-4134-4bf0-9fbd-8a00c04a6c8f: HTTPConnectionPool(host='localhost', port=8001): Read timed out. (read timeout=5)
WARNING 2025-07-31 15:33:08,431 views 27144 31168 Impossible de récupérer les infos du tenant cf22f06c-4134-4bf0-9fbd-8a00c04a6c8f pour l'utilisateur elvislex@live.fr
ERROR 2025-07-31 15:35:53,193 utils 27144 35284 Erreur lors de la récupération du tenant cf22f06c-4134-4bf0-9fbd-8a00c04a6c8f: HTTPConnectionPool(host='localhost', port=8001): Read timed out. (read timeout=5)
WARNING 2025-07-31 15:35:53,193 views 27144 35284 Impossible de récupérer les infos du tenant cf22f06c-4134-4bf0-9fbd-8a00c04a6c8f pour l'utilisateur elvislex@live.fr
ERROR 2025-07-31 15:36:17,098 utils 27144 20032 Erreur lors de la récupération du tenant cf22f06c-4134-4bf0-9fbd-8a00c04a6c8f: HTTPConnectionPool(host='localhost', port=8001): Read timed out. (read timeout=5)
WARNING 2025-07-31 15:36:17,098 views 27144 20032 Impossible de récupérer les infos du tenant cf22f06c-4134-4bf0-9fbd-8a00c04a6c8f pour l'utilisateur elvislex@live.fr
ERROR 2025-07-31 15:38:19,851 utils 27144 9296 Erreur lors de la récupération du tenant cf22f06c-4134-4bf0-9fbd-8a00c04a6c8f: HTTPConnectionPool(host='localhost', port=8001): Read timed out. (read timeout=5)
WARNING 2025-07-31 15:38:19,851 views 27144 9296 Impossible de récupérer les infos du tenant cf22f06c-4134-4bf0-9fbd-8a00c04a6c8f pour l'utilisateur elvislex@live.fr
ERROR 2025-07-31 15:38:28,083 utils 27144 18396 Erreur lors de la récupération du tenant cf22f06c-4134-4bf0-9fbd-8a00c04a6c8f: HTTPConnectionPool(host='localhost', port=8001): Read timed out. (read timeout=5)
WARNING 2025-07-31 15:38:28,083 views 27144 18396 Impossible de récupérer les infos du tenant cf22f06c-4134-4bf0-9fbd-8a00c04a6c8f pour l'utilisateur elvislex@live.fr
INFO 2025-07-31 19:42:28,872 views 27144 19840 Token rafraîchi pour: elvislex@live.fr
INFO 2025-07-31 19:42:29,084 views 27144 19492 Token rafraîchi pour: elvislex@live.fr
INFO 2025-08-01 09:09:53,725 views 27144 22604 Token rafraîchi pour: elvislex@live.fr
INFO 2025-08-01 09:09:53,726 views 27144 32700 Token rafraîchi pour: elvislex@live.fr
INFO 2025-08-01 15:37:38,537 views 27144 14628 Token rafraîchi pour: elvislex@live.fr
INFO 2025-08-01 15:37:38,700 views 27144 34928 Token rafraîchi pour: elvislex@live.fr
INFO 2025-08-01 19:53:08,145 views 27144 11696 Token rafraîchi pour: elvislex@live.fr
INFO 2025-08-01 19:53:08,483 views 27144 12364 Token rafraîchi pour: elvislex@live.fr
ERROR 2025-08-01 19:53:25,778 utils 27144 41728 Erreur lors de la récupération du tenant cf22f06c-4134-4bf0-9fbd-8a00c04a6c8f: HTTPConnectionPool(host='localhost', port=8001): Read timed out. (read timeout=5)
WARNING 2025-08-01 19:53:25,779 views 27144 41728 Impossible de récupérer les infos du tenant cf22f06c-4134-4bf0-9fbd-8a00c04a6c8f pour l'utilisateur elvislex@live.fr
INFO 2025-08-01 22:18:58,055 views 27144 29564 Token rafraîchi pour: elvislex@live.fr
INFO 2025-08-01 22:18:58,205 views 27144 31708 Token rafraîchi pour: elvislex@live.fr
INFO 2025-08-01 23:04:37,627 views 20012 21712 Connexion réussie pour elvislex@live.fr (tenant: cf22f06c-4134-4bf0-9fbd-8a00c04a6c8f)
INFO 2025-08-01 23:35:27,877 views 20012 42936 Connexion réussie pour elvislex@live.fr (tenant: cf22f06c-4134-4bf0-9fbd-8a00c04a6c8f)
INFO 2025-08-01 23:36:06,792 views 20012 25052 Ancien avatar supprimé: avatars/cf22f06c-4134-4bf0-9fbd-8a00c04a6c8f/f890595b-1b1d-4dfe-92c7-66b39a0291a0_f8bb7724.jpg
INFO 2025-08-01 23:36:31,024 views 20012 40388 Connexion réussie pour elvislex@live.fr (tenant: cf22f06c-4134-4bf0-9fbd-8a00c04a6c8f)
INFO 2025-08-01 23:37:01,011 views 20012 32140 Connexion réussie pour elvislex@live.fr (tenant: cf22f06c-4134-4bf0-9fbd-8a00c04a6c8f)
INFO 2025-08-02 02:24:21,853 views 20012 26040 Token rafraîchi pour: elvislex@live.fr
INFO 2025-08-02 02:24:22,009 views 20012 50020 Token rafraîchi pour: elvislex@live.fr
INFO 2025-08-02 17:09:49,214 views 20012 26080 Token rafraîchi pour: elvislex@live.fr
INFO 2025-08-02 17:09:49,355 views 20012 48248 Token rafraîchi pour: elvislex@live.fr
